\BOOKMARK [0][-]{chapter*.3}{Overview}{}% 1
\BOOKMARK [1][-]{section*.4}{Theme / Setting / Genre}{chapter*.3}% 2
\BOOKMARK [1][-]{section*.4}{Core Gameplay}{chapter*.3}% 3
\BOOKMARK [1][-]{section*.4}{Platforms}{chapter*.3}% 4
\BOOKMARK [1][-]{section*.4}{Hardware \046 Software}{chapter*.3}% 5
\BOOKMARK [1][-]{section*.4}{Influences}{chapter*.3}% 6
\BOOKMARK [1][-]{section*.4}{Scope}{chapter*.3}% 7
\BOOKMARK [1][-]{section*.4}{Result}{chapter*.3}% 8
\BOOKMARK [0][-]{chapter*.5}{Story \046 Gameplay}{}% 9
\BOOKMARK [1][-]{section*.6}{Story}{chapter*.5}% 10
\BOOKMARK [1][-]{section*.6}{Gameplay}{chapter*.5}% 11
\BOOKMARK [1][-]{section*.6}{Controls}{chapter*.5}% 12
\BOOKMARK [0][-]{chapter*.7}{Assets}{}% 13
\BOOKMARK [1][-]{section*.8}{2D Textures}{chapter*.7}% 14
\BOOKMARK [1][-]{section*.8}{3D Models}{chapter*.7}% 15
\BOOKMARK [1][-]{section*.8}{Sounds}{chapter*.7}% 16
\BOOKMARK [1][-]{section*.8}{Music}{chapter*.7}% 17
\BOOKMARK [1][-]{section*.8}{Code}{chapter*.7}% 18
\BOOKMARK [1][-]{section*.8}{Animation}{chapter*.7}% 19
\BOOKMARK [0][-]{chapter*.9}{Schedule}{}% 20
